build/app/intermediates/manifest_merge_blame_file/debug/manifest-merger-blame-debug-report.txt
1<?xml version="1.0" encoding="utf-8"?>
2<manifest xmlns:android="http://schemas.android.com/apk/res/android"
3    package="desiflea.gpslab.com"
4    android:versionCode="22"
5    android:versionName="22.0" >
6
7    <uses-sdk
8        android:minSdkVersion="21"
9        android:targetSdkVersion="30" />
10    <!--
11         Flutter needs it to communicate with the running application
12         to allow setting breakpoints, to provide hot reload, etc.
13    -->
14    <uses-permission android:name="android.permission.INTERNET" />
14-->src\main\AndroidManifest.xml:8:5-66
14-->src\main\AndroidManifest.xml:8:22-64
15    <uses-permission android:name="android.permission.CAMERA" />
15-->src\main\AndroidManifest.xml:9:5-65
15-->src\main\AndroidManifest.xml:9:22-62
16    <uses-permission android:name="android.permission.FLASHLIGHT" />
16-->src\main\AndroidManifest.xml:10:5-69
16-->src\main\AndroidManifest.xml:10:22-66
17    <uses-permission android:name="android.permission.READ_EXTERNAL_STORAGE" />
17-->[:image_picker] AndroidManifest.xml:7:5-80
17-->[:image_picker] AndroidManifest.xml:7:22-77
18    <uses-permission android:name="android.permission.WRITE_EXTERNAL_STORAGE" />
18-->[:image_picker] AndroidManifest.xml:8:5-81
18-->[:image_picker] AndroidManifest.xml:8:22-78
19    <uses-permission android:name="android.permission.ACCESS_NETWORK_STATE" />
19-->[:connectivity] AndroidManifest.xml:7:5-79
19-->[:connectivity] AndroidManifest.xml:7:22-76
20    <uses-permission android:name="android.permission.ACCESS_WIFI_STATE" />
20-->[:connectivity] AndroidManifest.xml:8:5-76
20-->[:connectivity] AndroidManifest.xml:8:22-73
21    <uses-permission android:name="android.permission.WAKE_LOCK" /> <!-- Required by older versions of Google Play services to create IID tokens -->
21-->[com.google.android.gms:play-services-measurement-api:17.2.1] AndroidManifest.xml:24:5-68
21-->[com.google.android.gms:play-services-measurement-api:17.2.1] AndroidManifest.xml:24:22-65
22    <uses-permission android:name="com.google.android.c2dm.permission.RECEIVE" />
22-->[com.google.firebase:firebase-iid:20.1.7] AndroidManifest.xml:26:5-82
22-->[com.google.firebase:firebase-iid:20.1.7] AndroidManifest.xml:26:22-79
23    <uses-permission android:name="android.permission.READ_PHONE_STATE" />
23-->[com.paytm.easypay:easypay:8.7.3-appinvoke-1] AndroidManifest.xml:10:5-75
23-->[com.paytm.easypay:easypay:8.7.3-appinvoke-1] AndroidManifest.xml:10:22-72
24    <uses-permission android:name="com.google.android.finsky.permission.BIND_GET_INSTALL_REFERRER_SERVICE" />
24-->[com.google.android.gms:play-services-measurement:17.2.1] AndroidManifest.xml:26:5-110
24-->[com.google.android.gms:play-services-measurement:17.2.1] AndroidManifest.xml:26:22-107
25
26    <application
26-->src\main\AndroidManifest.xml:11:5-46:19
27        android:name="desiflea.gpslab.com.Application"
27-->src\main\AndroidManifest.xml:12:9-36
28        android:appComponentFactory="androidx.core.app.CoreComponentFactory"
28-->[androidx.core:core:1.3.0] AndroidManifest.xml:24:18-86
29        android:debuggable="true"
30        android:icon="@drawable/iconnew"
30-->src\main\AndroidManifest.xml:14:9-41
31        android:label="DesiFlea" >
31-->src\main\AndroidManifest.xml:13:9-33
32        <activity
32-->src\main\AndroidManifest.xml:16:9-38:20
33            android:name="desiflea.gpslab.com.MainActivity"
33-->src\main\AndroidManifest.xml:17:13-41
34            android:configChanges="orientation|keyboardHidden|keyboard|screenSize|smallestScreenSize|locale|layoutDirection|fontScale|screenLayout|density|uiMode"
34-->src\main\AndroidManifest.xml:20:13-163
35            android:hardwareAccelerated="true"
35-->src\main\AndroidManifest.xml:21:13-47
36            android:launchMode="singleTop"
36-->src\main\AndroidManifest.xml:18:13-43
37            android:theme="@style/LaunchTheme"
37-->src\main\AndroidManifest.xml:19:13-47
38            android:windowSoftInputMode="adjustResize" >
38-->src\main\AndroidManifest.xml:22:13-55
39            <intent-filter>
39-->src\main\AndroidManifest.xml:23:13-26:29
40                <action android:name="android.intent.action.MAIN" />
40-->src\main\AndroidManifest.xml:24:17-68
40-->src\main\AndroidManifest.xml:24:25-66
41
42                <category android:name="android.intent.category.LAUNCHER" />
42-->src\main\AndroidManifest.xml:25:17-76
42-->src\main\AndroidManifest.xml:25:27-74
43            </intent-filter>
44            <intent-filter>
44-->src\main\AndroidManifest.xml:27:13-30:29
45                <action android:name="FLUTTER_NOTIFICATION_CLICK" />
45-->src\main\AndroidManifest.xml:28:17-69
45-->src\main\AndroidManifest.xml:28:25-66
46
47                <category android:name="android.intent.category.DEFAULT" />
47-->src\main\AndroidManifest.xml:29:17-76
47-->src\main\AndroidManifest.xml:29:27-73
48            </intent-filter>
49            <intent-filter>
49-->src\main\AndroidManifest.xml:31:13-37:29
50                <action android:name="android.intent.action.VIEW" />
50-->src\main\AndroidManifest.xml:32:17-68
50-->src\main\AndroidManifest.xml:32:25-66
51
52                <category android:name="android.intent.category.DEFAULT" />
52-->src\main\AndroidManifest.xml:29:17-76
52-->src\main\AndroidManifest.xml:29:27-73
53                <category android:name="android.intent.category.BROWSABLE" />
53-->src\main\AndroidManifest.xml:34:17-77
53-->src\main\AndroidManifest.xml:34:27-75
54
55                <data
55-->src\main\AndroidManifest.xml:35:17-36:54
56                    android:host="gpslab.page.link"
56-->src\main\AndroidManifest.xml:36:21-52
57                    android:scheme="https" />
57-->src\main\AndroidManifest.xml:35:23-45
58            </intent-filter>
59        </activity>
60        <!--
61             Don't delete the meta-data below.
62             This is used by the Flutter tool to generate GeneratedPluginRegistrant.java
63        -->
64        <meta-data
64-->src\main\AndroidManifest.xml:41:9-43:33
65            android:name="flutterEmbedding"
65-->src\main\AndroidManifest.xml:42:13-44
66            android:value="2" />
66-->src\main\AndroidManifest.xml:43:13-30
67
68        <service
68-->[:firebase_auth] AndroidManifest.xml:8:9-12:19
69            android:name="com.google.firebase.components.ComponentDiscoveryService"
69-->[:firebase_auth] AndroidManifest.xml:8:18-89
70            android:directBootAware="true"
70-->[com.google.firebase:firebase-common:19.3.0] AndroidManifest.xml:34:13-43
71            android:exported="false" >
71-->[com.google.firebase:firebase-messaging:20.1.7] AndroidManifest.xml:37:13-37
72            <meta-data
72-->[:firebase_auth] AndroidManifest.xml:9:13-11:85
73                android:name="com.google.firebase.components:io.flutter.plugins.firebaseauth.FlutterFirebaseAppRegistrar"
73-->[:firebase_auth] AndroidManifest.xml:10:17-122
74                android:value="com.google.firebase.components.ComponentRegistrar" />
74-->[:firebase_auth] AndroidManifest.xml:11:17-82
75            <meta-data
75-->[:firebase_core] AndroidManifest.xml:9:13-11:85
76                android:name="com.google.firebase.components:io.flutter.plugins.firebase.core.FlutterFirebaseAppRegistrar"
76-->[:firebase_core] AndroidManifest.xml:10:17-123
77                android:value="com.google.firebase.components.ComponentRegistrar" />
77-->[:firebase_core] AndroidManifest.xml:11:17-82
78            <meta-data
78-->[:firebase_dynamic_links] AndroidManifest.xml:11:13-13:85
79                android:name="com.google.firebase.components:io.flutter.plugins.firebasedynamiclinks.FlutterFirebaseAppRegistrar"
79-->[:firebase_dynamic_links] AndroidManifest.xml:12:17-130
80                android:value="com.google.firebase.components.ComponentRegistrar" />
80-->[:firebase_dynamic_links] AndroidManifest.xml:13:17-82
81            <meta-data
81-->[:firebase_messaging] AndroidManifest.xml:14:13-16:85
82                android:name="com.google.firebase.components:io.flutter.plugins.firebasemessaging.FlutterFirebaseAppRegistrar"
82-->[:firebase_messaging] AndroidManifest.xml:15:17-127
83                android:value="com.google.firebase.components.ComponentRegistrar" />
83-->[:firebase_messaging] AndroidManifest.xml:16:17-82
84            <meta-data
84-->[com.google.firebase:firebase-messaging:20.1.7] AndroidManifest.xml:38:13-40:85
85                android:name="com.google.firebase.components:com.google.firebase.messaging.FirebaseMessagingRegistrar"
85-->[com.google.firebase:firebase-messaging:20.1.7] AndroidManifest.xml:39:17-119
86                android:value="com.google.firebase.components.ComponentRegistrar" />
86-->[com.google.firebase:firebase-messaging:20.1.7] AndroidManifest.xml:40:17-82
87            <meta-data
87-->[com.google.firebase:firebase-auth:19.2.0] AndroidManifest.xml:36:13-38:85
88                android:name="com.google.firebase.components:com.google.firebase.auth.FirebaseAuthRegistrar"
88-->[com.google.firebase:firebase-auth:19.2.0] AndroidManifest.xml:37:17-109
89                android:value="com.google.firebase.components.ComponentRegistrar" />
89-->[com.google.firebase:firebase-auth:19.2.0] AndroidManifest.xml:38:17-82
90            <meta-data
90-->[com.google.firebase:firebase-firestore:21.3.1] AndroidManifest.xml:20:13-22:85
91                android:name="com.google.firebase.components:com.google.firebase.firestore.FirestoreRegistrar"
91-->[com.google.firebase:firebase-firestore:21.3.1] AndroidManifest.xml:21:17-111
92                android:value="com.google.firebase.components.ComponentRegistrar" />
92-->[com.google.firebase:firebase-firestore:21.3.1] AndroidManifest.xml:22:17-82
93            <meta-data
93-->[com.google.firebase:firebase-dynamic-links:16.1.8] AndroidManifest.xml:9:13-11:85
94                android:name="com.google.firebase.components:com.google.firebase.dynamiclinks.internal.FirebaseDynamicLinkRegistrar"
94-->[com.google.firebase:firebase-dynamic-links:16.1.8] AndroidManifest.xml:10:17-133
95                android:value="com.google.firebase.components.ComponentRegistrar" />
95-->[com.google.firebase:firebase-dynamic-links:16.1.8] AndroidManifest.xml:11:17-82
96            <meta-data
96-->[com.google.android.gms:play-services-measurement-api:17.2.1] AndroidManifest.xml:30:13-32:85
97                android:name="com.google.firebase.components:com.google.firebase.analytics.connector.internal.AnalyticsConnectorRegistrar"
97-->[com.google.android.gms:play-services-measurement-api:17.2.1] AndroidManifest.xml:31:17-139
98                android:value="com.google.firebase.components.ComponentRegistrar" />
98-->[com.google.android.gms:play-services-measurement-api:17.2.1] AndroidManifest.xml:32:17-82
99            <meta-data
99-->[com.google.firebase:firebase-iid:20.1.7] AndroidManifest.xml:32:13-34:85
100                android:name="com.google.firebase.components:com.google.firebase.iid.Registrar"
100-->[com.google.firebase:firebase-iid:20.1.7] AndroidManifest.xml:33:17-96
101                android:value="com.google.firebase.components.ComponentRegistrar" />
101-->[com.google.firebase:firebase-iid:20.1.7] AndroidManifest.xml:34:17-82
102            <meta-data
102-->[com.google.firebase:firebase-datatransport:17.0.3] AndroidManifest.xml:28:13-30:85
103                android:name="com.google.firebase.components:com.google.firebase.datatransport.TransportRegistrar"
103-->[com.google.firebase:firebase-datatransport:17.0.3] AndroidManifest.xml:29:17-115
104                android:value="com.google.firebase.components.ComponentRegistrar" />
104-->[com.google.firebase:firebase-datatransport:17.0.3] AndroidManifest.xml:30:17-82
105            <meta-data
105-->[com.google.firebase:firebase-installations:16.3.0] AndroidManifest.xml:17:13-19:85
106                android:name="com.google.firebase.components:com.google.firebase.installations.FirebaseInstallationsRegistrar"
106-->[com.google.firebase:firebase-installations:16.3.0] AndroidManifest.xml:18:17-127
107                android:value="com.google.firebase.components.ComponentRegistrar" />
107-->[com.google.firebase:firebase-installations:16.3.0] AndroidManifest.xml:19:17-82
108        </service>
109
110        <provider
110-->[:image_picker] AndroidManifest.xml:11:9-19:20
111            android:name="io.flutter.plugins.imagepicker.ImagePickerFileProvider"
111-->[:image_picker] AndroidManifest.xml:12:13-82
112            android:authorities="desiflea.gpslab.com.flutter.image_provider"
112-->[:image_picker] AndroidManifest.xml:13:13-74
113            android:exported="false"
113-->[:image_picker] AndroidManifest.xml:14:13-37
114            android:grantUriPermissions="true" >
114-->[:image_picker] AndroidManifest.xml:15:13-47
115            <meta-data
115-->[:image_picker] AndroidManifest.xml:16:13-18:75
116                android:name="android.support.FILE_PROVIDER_PATHS"
116-->[:image_picker] AndroidManifest.xml:17:17-67
117                android:resource="@xml/flutter_image_picker_file_paths" />
117-->[:image_picker] AndroidManifest.xml:18:17-72
118        </provider>
119
120        <service android:name="io.flutter.plugins.firebasemessaging.FlutterFirebaseMessagingService" >
120-->[:firebase_messaging] AndroidManifest.xml:8:9-12:19
120-->[:firebase_messaging] AndroidManifest.xml:8:18-101
121            <intent-filter>
121-->[:firebase_messaging] AndroidManifest.xml:9:13-11:29
122                <action android:name="com.google.firebase.MESSAGING_EVENT" />
122-->[:firebase_messaging] AndroidManifest.xml:10:17-78
122-->[:firebase_messaging] AndroidManifest.xml:10:25-75
123            </intent-filter>
124        </service>
125
126        <activity
126-->[:razorpay_flutter] AndroidManifest.xml:8:9-11:20
127            android:name="com.razorpay.CheckoutActivity"
127-->[:razorpay_flutter] AndroidManifest.xml:9:13-57
128            android:configChanges="keyboard|keyboardHidden|orientation|screenSize"
128-->[com.razorpay:checkout:1.5.16] AndroidManifest.xml:20:13-83
129            android:label="Razorpay Checkout"
129-->[:razorpay_flutter] AndroidManifest.xml:10:13-46
130            android:theme="@style/CheckoutTheme" >
130-->[com.razorpay:checkout:1.5.16] AndroidManifest.xml:21:13-49
131            <intent-filter>
131-->[com.razorpay:checkout:1.5.16] AndroidManifest.xml:22:13-28:29
132                <action android:name="android.intent.action.MAIN" />
132-->src\main\AndroidManifest.xml:24:17-68
132-->src\main\AndroidManifest.xml:24:25-66
133
134                <data
134-->src\main\AndroidManifest.xml:35:17-36:54
135                    android:host="rzp.io"
135-->src\main\AndroidManifest.xml:36:21-52
136                    android:scheme="io.rzp" />
136-->src\main\AndroidManifest.xml:35:23-45
137            </intent-filter>
138        </activity>
139        <activity
139-->[:url_launcher] AndroidManifest.xml:8:9-11:74
140            android:name="io.flutter.plugins.urllauncher.WebViewActivity"
140-->[:url_launcher] AndroidManifest.xml:9:13-74
141            android:exported="false"
141-->[:url_launcher] AndroidManifest.xml:10:13-37
142            android:theme="@android:style/Theme.NoTitleBar.Fullscreen" />
142-->[:url_launcher] AndroidManifest.xml:11:13-71
143
144        <provider
144-->[:esys_flutter_share] AndroidManifest.xml:8:9-16:20
145            android:name="de.esys.esysfluttershare.EsysFlutterShareFileProvider"
145-->[:esys_flutter_share] AndroidManifest.xml:9:13-81
146            android:authorities="desiflea.gpslab.com.fileprovider.github.com/orgs/esysberlin/esys-flutter-share"
146-->[:esys_flutter_share] AndroidManifest.xml:10:13-110
147            android:exported="false"
147-->[:esys_flutter_share] AndroidManifest.xml:11:13-37
148            android:grantUriPermissions="true" >
148-->[:esys_flutter_share] AndroidManifest.xml:12:13-47
149            <meta-data
149-->[:image_picker] AndroidManifest.xml:16:13-18:75
150                android:name="android.support.FILE_PROVIDER_PATHS"
150-->[:image_picker] AndroidManifest.xml:17:17-67
151                android:resource="@xml/esys_flutter_share_filepaths" />
151-->[:image_picker] AndroidManifest.xml:18:17-72
152        </provider>
153        <!--
154             FirebaseMessagingService performs security checks at runtime,
155             but set to not exported to explicitly avoid allowing another app to call it.
156        -->
157        <service
157-->[com.google.firebase:firebase-messaging:20.1.7] AndroidManifest.xml:28:9-34:19
158            android:name="com.google.firebase.messaging.FirebaseMessagingService"
158-->[com.google.firebase:firebase-messaging:20.1.7] AndroidManifest.xml:29:13-82
159            android:exported="false" >
159-->[com.google.firebase:firebase-messaging:20.1.7] AndroidManifest.xml:30:13-37
160            <intent-filter android:priority="-500" >
160-->[:firebase_messaging] AndroidManifest.xml:9:13-11:29
161                <action android:name="com.google.firebase.MESSAGING_EVENT" />
161-->[:firebase_messaging] AndroidManifest.xml:10:17-78
161-->[:firebase_messaging] AndroidManifest.xml:10:25-75
162            </intent-filter>
163        </service>
164
165        <activity
165-->[com.google.firebase:firebase-auth:19.2.0] AndroidManifest.xml:24:9-31:50
166            android:name="com.google.firebase.auth.internal.FederatedSignInActivity"
166-->[com.google.firebase:firebase-auth:19.2.0] AndroidManifest.xml:25:13-85
167            android:excludeFromRecents="true"
167-->[com.google.firebase:firebase-auth:19.2.0] AndroidManifest.xml:26:13-46
168            android:exported="true"
168-->[com.google.firebase:firebase-auth:19.2.0] AndroidManifest.xml:27:13-36
169            android:launchMode="singleTask"
169-->[com.google.firebase:firebase-auth:19.2.0] AndroidManifest.xml:28:13-44
170            android:permission="com.google.firebase.auth.api.gms.permission.LAUNCH_FEDERATED_SIGN_IN"
170-->[com.google.firebase:firebase-auth:19.2.0] AndroidManifest.xml:29:13-102
171            android:theme="@android:style/Theme.Translucent.NoTitleBar" />
171-->[com.google.firebase:firebase-auth:19.2.0] AndroidManifest.xml:30:13-72
172
173        <receiver
173-->[com.google.firebase:firebase-iid:20.1.7] AndroidManifest.xml:37:9-44:20
174            android:name="com.google.firebase.iid.FirebaseInstanceIdReceiver"
174-->[com.google.firebase:firebase-iid:20.1.7] AndroidManifest.xml:38:13-78
175            android:exported="true"
175-->[com.google.firebase:firebase-iid:20.1.7] AndroidManifest.xml:39:13-36
176            android:permission="com.google.android.c2dm.permission.SEND" >
176-->[com.google.firebase:firebase-iid:20.1.7] AndroidManifest.xml:40:13-73
177            <intent-filter>
177-->[com.google.firebase:firebase-iid:20.1.7] AndroidManifest.xml:41:13-43:29
178                <action android:name="com.google.android.c2dm.intent.RECEIVE" />
178-->[com.google.firebase:firebase-iid:20.1.7] AndroidManifest.xml:42:17-81
178-->[com.google.firebase:firebase-iid:20.1.7] AndroidManifest.xml:42:25-78
179            </intent-filter>
180        </receiver>
181
182        <activity
182-->[com.paytm.appinvokesdk:appinvokesdk:1.4] AndroidManifest.xml:14:9-17:66
183            android:name="com.paytm.pgsdk.PaytmPGActivity"
183-->[com.paytm.appinvokesdk:appinvokesdk:1.4] AndroidManifest.xml:15:13-59
184            android:screenOrientation="portrait"
184-->[com.paytm.appinvokesdk:appinvokesdk:1.4] AndroidManifest.xml:16:13-49
185            android:theme="@style/Theme.AppCompat.NoActionBar" />
185-->[com.paytm.appinvokesdk:appinvokesdk:1.4] AndroidManifest.xml:17:13-63
186
187        <service
187-->[com.paytm.appinvokesdk:appinvokesdk:1.4] AndroidManifest.xml:19:9-21:40
188            android:name="com.paytm.pgsdk.IntentServicePostNotification"
188-->[com.paytm.appinvokesdk:appinvokesdk:1.4] AndroidManifest.xml:20:13-73
189            android:exported="false" />
189-->[com.paytm.appinvokesdk:appinvokesdk:1.4] AndroidManifest.xml:21:13-37
190        <service
190-->[com.paytm.appinvokesdk:appinvokesdk:1.4] AndroidManifest.xml:22:9-24:40
191            android:name="com.paytm.pgsdk.IntentServicePreNotification"
191-->[com.paytm.appinvokesdk:appinvokesdk:1.4] AndroidManifest.xml:23:13-72
192            android:exported="false" />
192-->[com.paytm.appinvokesdk:appinvokesdk:1.4] AndroidManifest.xml:24:13-37
193        <service
193-->[com.paytm.appinvokesdk:appinvokesdk:1.4] AndroidManifest.xml:25:9-28:39
194            android:name="easypay.utils.EasypayLoaderService"
194-->[com.paytm.appinvokesdk:appinvokesdk:1.4] AndroidManifest.xml:26:13-62
195            android:enabled="true"
195-->[com.paytm.appinvokesdk:appinvokesdk:1.4] AndroidManifest.xml:27:13-35
196            android:exported="true" />
196-->[com.paytm.appinvokesdk:appinvokesdk:1.4] AndroidManifest.xml:28:13-36
197        <service
197-->[com.paytm.appinvokesdk:appinvokesdk:1.4] AndroidManifest.xml:29:9-32:39
198            android:name="easypay.utils.AnalyticsService"
198-->[com.paytm.appinvokesdk:appinvokesdk:1.4] AndroidManifest.xml:30:13-58
199            android:enabled="true"
199-->[com.paytm.appinvokesdk:appinvokesdk:1.4] AndroidManifest.xml:31:13-35
200            android:exported="true"
200-->[com.paytm.appinvokesdk:appinvokesdk:1.4] AndroidManifest.xml:32:13-36
201            android:permission="android.permission.BIND_JOB_SERVICE" />
201-->[com.paytm.easypay:easypay:8.7.3-appinvoke-1] AndroidManifest.xml:22:13-69
202        <service
202-->[com.paytm.easypay:easypay:8.7.3-appinvoke-1] AndroidManifest.xml:14:9-17:72
203            android:name="easypay.utils.EasyPayConfigDownloader"
203-->[com.paytm.easypay:easypay:8.7.3-appinvoke-1] AndroidManifest.xml:15:13-65
204            android:exported="true"
204-->[com.paytm.easypay:easypay:8.7.3-appinvoke-1] AndroidManifest.xml:16:13-36
205            android:permission="android.permission.BIND_JOB_SERVICE" />
205-->[com.paytm.easypay:easypay:8.7.3-appinvoke-1] AndroidManifest.xml:17:13-69
206
207        <activity android:name="easypay.AnalyticsManagerInfoDisplayActivity" />
207-->[com.paytm.easypay:easypay:8.7.3-appinvoke-1] AndroidManifest.xml:24:9-80
207-->[com.paytm.easypay:easypay:8.7.3-appinvoke-1] AndroidManifest.xml:24:19-77
208        <activity
208-->[com.google.android.gms:play-services-auth:17.0.0] AndroidManifest.xml:23:9-27:75
209            android:name="com.google.android.gms.auth.api.signin.internal.SignInHubActivity"
209-->[com.google.android.gms:play-services-auth:17.0.0] AndroidManifest.xml:24:13-93
210            android:excludeFromRecents="true"
210-->[com.google.android.gms:play-services-auth:17.0.0] AndroidManifest.xml:25:13-46
211            android:exported="false"
211-->[com.google.android.gms:play-services-auth:17.0.0] AndroidManifest.xml:26:13-37
212            android:theme="@android:style/Theme.Translucent.NoTitleBar" />
212-->[com.google.android.gms:play-services-auth:17.0.0] AndroidManifest.xml:27:13-72
213        <!--
214            Service handling Google Sign-In user revocation. For apps that do not integrate with
215            Google Sign-In, this service will never be started.
216        -->
217        <service
217-->[com.google.android.gms:play-services-auth:17.0.0] AndroidManifest.xml:33:9-36:110
218            android:name="com.google.android.gms.auth.api.signin.RevocationBoundService"
218-->[com.google.android.gms:play-services-auth:17.0.0] AndroidManifest.xml:34:13-89
219            android:exported="true"
219-->[com.google.android.gms:play-services-auth:17.0.0] AndroidManifest.xml:35:13-36
220            android:permission="com.google.android.gms.auth.api.signin.permission.REVOCATION_NOTIFICATION" />
220-->[com.google.android.gms:play-services-auth:17.0.0] AndroidManifest.xml:36:13-107
221
222        <activity
222-->[com.google.android.gms:play-services-base:17.1.0] AndroidManifest.xml:23:9-26:75
223            android:name="com.google.android.gms.common.api.GoogleApiActivity"
223-->[com.google.android.gms:play-services-base:17.1.0] AndroidManifest.xml:24:13-79
224            android:exported="false"
224-->[com.google.android.gms:play-services-base:17.1.0] AndroidManifest.xml:25:13-37
225            android:theme="@android:style/Theme.Translucent.NoTitleBar" />
225-->[com.google.android.gms:play-services-base:17.1.0] AndroidManifest.xml:26:13-72
226
227        <receiver
227-->[com.google.android.gms:play-services-measurement:17.2.1] AndroidManifest.xml:29:9-33:20
228            android:name="com.google.android.gms.measurement.AppMeasurementReceiver"
228-->[com.google.android.gms:play-services-measurement:17.2.1] AndroidManifest.xml:30:13-85
229            android:enabled="true"
229-->[com.google.android.gms:play-services-measurement:17.2.1] AndroidManifest.xml:31:13-35
230            android:exported="false" >
230-->[com.google.android.gms:play-services-measurement:17.2.1] AndroidManifest.xml:32:13-37
231        </receiver>
232        <receiver
232-->[com.google.android.gms:play-services-measurement:17.2.1] AndroidManifest.xml:34:9-42:20
233            android:name="com.google.android.gms.measurement.AppMeasurementInstallReferrerReceiver"
233-->[com.google.android.gms:play-services-measurement:17.2.1] AndroidManifest.xml:35:13-100
234            android:enabled="true"
234-->[com.google.android.gms:play-services-measurement:17.2.1] AndroidManifest.xml:36:13-35
235            android:exported="true"
235-->[com.google.android.gms:play-services-measurement:17.2.1] AndroidManifest.xml:37:13-36
236            android:permission="android.permission.INSTALL_PACKAGES" >
236-->[com.google.android.gms:play-services-measurement:17.2.1] AndroidManifest.xml:38:13-69
237            <intent-filter>
237-->[com.google.android.gms:play-services-measurement:17.2.1] AndroidManifest.xml:39:13-41:29
238                <action android:name="com.android.vending.INSTALL_REFERRER" />
238-->[com.google.android.gms:play-services-measurement:17.2.1] AndroidManifest.xml:40:17-79
238-->[com.google.android.gms:play-services-measurement:17.2.1] AndroidManifest.xml:40:25-76
239            </intent-filter>
240        </receiver>
241
242        <service
242-->[com.google.android.gms:play-services-measurement:17.2.1] AndroidManifest.xml:44:9-47:40
243            android:name="com.google.android.gms.measurement.AppMeasurementService"
243-->[com.google.android.gms:play-services-measurement:17.2.1] AndroidManifest.xml:45:13-84
244            android:enabled="true"
244-->[com.google.android.gms:play-services-measurement:17.2.1] AndroidManifest.xml:46:13-35
245            android:exported="false" />
245-->[com.google.android.gms:play-services-measurement:17.2.1] AndroidManifest.xml:47:13-37
246        <service
246-->[com.google.android.gms:play-services-measurement:17.2.1] AndroidManifest.xml:48:9-52:72
247            android:name="com.google.android.gms.measurement.AppMeasurementJobService"
247-->[com.google.android.gms:play-services-measurement:17.2.1] AndroidManifest.xml:49:13-87
248            android:enabled="true"
248-->[com.google.android.gms:play-services-measurement:17.2.1] AndroidManifest.xml:50:13-35
249            android:exported="false"
249-->[com.google.android.gms:play-services-measurement:17.2.1] AndroidManifest.xml:51:13-37
250            android:permission="android.permission.BIND_JOB_SERVICE" />
250-->[com.google.android.gms:play-services-measurement:17.2.1] AndroidManifest.xml:52:13-69
251
252        <provider
252-->[com.google.firebase:firebase-common:19.3.0] AndroidManifest.xml:26:9-30:39
253            android:name="com.google.firebase.provider.FirebaseInitProvider"
253-->[com.google.firebase:firebase-common:19.3.0] AndroidManifest.xml:27:13-77
254            android:authorities="desiflea.gpslab.com.firebaseinitprovider"
254-->[com.google.firebase:firebase-common:19.3.0] AndroidManifest.xml:28:13-72
255            android:exported="false"
255-->[com.google.firebase:firebase-common:19.3.0] AndroidManifest.xml:29:13-37
256            android:initOrder="100" />
256-->[com.google.firebase:firebase-common:19.3.0] AndroidManifest.xml:30:13-36
257
258        <meta-data
258-->[com.google.android.gms:play-services-basement:17.1.0] AndroidManifest.xml:23:9-25:69
259            android:name="com.google.android.gms.version"
259-->[com.google.android.gms:play-services-basement:17.1.0] AndroidManifest.xml:24:13-58
260            android:value="@integer/google_play_services_version" />
260-->[com.google.android.gms:play-services-basement:17.1.0] AndroidManifest.xml:25:13-66
261
262        <service
262-->[com.google.android.datatransport:transport-backend-cct:2.2.0] AndroidManifest.xml:29:9-35:19
263            android:name="com.google.android.datatransport.runtime.backends.TransportBackendDiscovery"
263-->[com.google.android.datatransport:transport-backend-cct:2.2.0] AndroidManifest.xml:30:13-103
264            android:exported="false" >
264-->[com.google.android.datatransport:transport-backend-cct:2.2.0] AndroidManifest.xml:31:13-37
265            <meta-data
265-->[com.google.android.datatransport:transport-backend-cct:2.2.0] AndroidManifest.xml:32:13-34:39
266                android:name="backend:com.google.android.datatransport.cct.CctBackendFactory"
266-->[com.google.android.datatransport:transport-backend-cct:2.2.0] AndroidManifest.xml:33:17-94
267                android:value="cct" />
267-->[com.google.android.datatransport:transport-backend-cct:2.2.0] AndroidManifest.xml:34:17-36
268        </service>
269        <service
269-->[com.google.android.datatransport:transport-runtime:2.2.0] AndroidManifest.xml:26:9-30:19
270            android:name="com.google.android.datatransport.runtime.scheduling.jobscheduling.JobInfoSchedulerService"
270-->[com.google.android.datatransport:transport-runtime:2.2.0] AndroidManifest.xml:27:13-117
271            android:exported="false"
271-->[com.google.android.datatransport:transport-runtime:2.2.0] AndroidManifest.xml:28:13-37
272            android:permission="android.permission.BIND_JOB_SERVICE" >